2022-05-02 17:26:56,164 DEBUG in func AnimateRobots - Dobot
2022-05-02 17:26:56,164 DEBUG in func AnimateRobots - Current transform is:
    0.0000      -0.0000       1.0000       0.0900   
   -0.0000      -1.0000      -0.0000      -0.0000   
    1.0000      -0.0000      -0.0000       1.1725   
    0.0000       0.0000       0.0000       1.0000   

2022-05-02 17:26:56,164 DEBUG in func AnimateRobots - Target transform is: 
    1.0000       0.0000       0.0000       0.2835   
    0.0000      -1.0000      -0.0000      -0.0000   
    0.0000       0.0000      -1.0000       0.8550   
    0.0000       0.0000       0.0000       1.0000   

2022-05-02 17:27:01,733 DEBUG in func AnimateRobots - Dobot
2022-05-02 17:27:01,748 DEBUG in func AnimateRobots - Current transform is:
    1.0000       0.0000      -0.0000       0.2835   
    0.0000      -1.0000      -0.0000      -0.0000   
   -0.0000       0.0000      -1.0000       0.8550   
    0.0000       0.0000       0.0000       1.0000   

2022-05-02 17:27:01,748 DEBUG in func AnimateRobots - Target transform is: 
    0.4497       0.0000      -0.8932       0.2001   
    0.0001      -1.0000      -0.0000       0.0000   
   -0.8932      -0.0000      -0.4497       0.7266   
    0.0000       0.0000       0.0000       1.0000   

2022-05-02 17:27:06,495 DEBUG in func AnimateRobots - Dobot
2022-05-02 17:27:06,495 DEBUG in func AnimateRobots - Current transform is:
    0.4497       0.0000      -0.8932       0.2001   
    0.0001      -1.0000      -0.0000       0.0000   
   -0.8932      -0.0000      -0.4497       0.7266   
    0.0000       0.0000       0.0000       1.0000   

2022-05-02 17:27:06,511 DEBUG in func AnimateRobots - Target transform is: 
    1.0000       0.0000       0.0000       0.2835   
    0.0000      -1.0000      -0.0000      -0.0000   
    0.0000       0.0000      -1.0000       0.8550   
    0.0000       0.0000       0.0000       1.0000   

2022-05-02 17:27:10,721 DEBUG in func AnimateRobots - Dobot
2022-05-02 17:27:10,736 DEBUG in func AnimateRobots - Current transform is:
    1.0000      -0.0000       0.0000       0.2835   
   -0.0000      -1.0000      -0.0000      -0.0000   
    0.0000       0.0000      -1.0000       0.8550   
    0.0000       0.0000       0.0000       1.0000   

2022-05-02 17:27:10,736 DEBUG in func AnimateRobots - Target transform is: 
   -0.9995      -0.0302       0.0061      -0.0134   
   -0.0294       0.9939       0.1067      -0.2328   
   -0.0093       0.1065      -0.9943       0.7061   
    0.0000       0.0000       0.0000       1.0000   

2022-05-02 17:27:14,645 DEBUG in func AnimateRobots - Dobot
2022-05-02 17:27:14,645 DEBUG in func AnimateRobots - Current transform is:
   -0.9995      -0.0302       0.0061      -0.0134   
   -0.0294       0.9939       0.1067      -0.2328   
   -0.0093       0.1065      -0.9943       0.7061   
    0.0000       0.0000       0.0000       1.0000   

2022-05-02 17:27:14,645 DEBUG in func AnimateRobots - Target transform is: 
    1.0000       0.0000       0.0000       0.2835   
    0.0000      -1.0000      -0.0000      -0.0000   
    0.0000       0.0000      -1.0000       0.8550   
    0.0000       0.0000       0.0000       1.0000   

