2022-04-27 16:08:18,601 DEBUG in func AnimateRobots - Dobot
2022-04-27 16:08:18,606 DEBUG in func AnimateRobots - Current transform is:
    0.0000      -0.0000       1.0000       0.0900   
   -0.0000      -1.0000      -0.0000      -0.0000   
    1.0000      -0.0000      -0.0000       1.1725   
    0.0000       0.0000       0.0000       1.0000   

2022-04-27 16:08:18,610 DEBUG in func AnimateRobots - Target transform is: 
    1.0000       0.0000       0.0000       0.2835   
    0.0000      -1.0000      -0.0000      -0.0000   
    0.0000       0.0000      -1.0000       0.8550   
    0.0000       0.0000       0.0000       1.0000   

2022-04-27 16:08:22,273 DEBUG in func AnimateRobots - Dobot
2022-04-27 16:08:22,303 DEBUG in func AnimateRobots - Current transform is:
    1.0000       0.0000      -0.0000       0.2835   
    0.0000      -1.0000      -0.0000      -0.0000   
   -0.0000       0.0000      -1.0000       0.8550   
    0.0000       0.0000       0.0000       1.0000   

2022-04-27 16:08:22,312 DEBUG in func AnimateRobots - Target transform is: 
    0.9981       0.0000      -0.0614       0.3000   
    0.0000      -1.0000      -0.0000      -0.0000   
   -0.0614       0.0000      -0.9981       0.7366   
    0.0000       0.0000       0.0000       1.0000   

2022-04-27 16:08:23,415 DEBUG in func AnimateRobots - Dobot
2022-04-27 16:08:23,423 DEBUG in func AnimateRobots - Current transform is:
    0.9981       0.0000      -0.0614       0.3000   
    0.0000      -1.0000      -0.0000      -0.0000   
   -0.0614       0.0000      -0.9981       0.7366   
    0.0000       0.0000       0.0000       1.0000   

2022-04-27 16:08:23,426 DEBUG in func AnimateRobots - Target transform is: 
    1.0000       0.0000       0.0000       0.2835   
    0.0000      -1.0000      -0.0000      -0.0000   
    0.0000       0.0000      -1.0000       0.8550   
    0.0000       0.0000       0.0000       1.0000   

2022-04-27 16:08:24,751 DEBUG in func AnimateRobots - Dobot
2022-04-27 16:08:24,756 DEBUG in func AnimateRobots - Current transform is:
    1.0000       0.0000       0.0000       0.2835   
    0.0000      -1.0000      -0.0000      -0.0000   
    0.0000       0.0000      -1.0000       0.8550   
    0.0000       0.0000       0.0000       1.0000   

2022-04-27 16:08:24,757 DEBUG in func AnimateRobots - Target transform is: 
   -1.0000      -0.0001      -0.0001      -0.0000   
    0.0001       0.0000      -1.0000      -0.0759   
    0.0001      -1.0000      -0.0000       0.9140   
    0.0000       0.0000       0.0000       1.0000   

2022-04-27 16:08:26,324 DEBUG in func AnimateRobots - Dobot
2022-04-27 16:08:26,326 DEBUG in func AnimateRobots - Current transform is:
   -1.0000      -0.0001      -0.0001      -0.0000   
    0.0001       0.0000      -1.0000      -0.0759   
    0.0001      -1.0000      -0.0000       0.9140   
    0.0000       0.0000       0.0000       1.0000   

2022-04-27 16:08:26,328 DEBUG in func AnimateRobots - Target transform is: 
    1.0000       0.0000       0.0000       0.2835   
    0.0000      -1.0000      -0.0000      -0.0000   
    0.0000       0.0000      -1.0000       0.8550   
    0.0000       0.0000       0.0000       1.0000   

