2022-04-27 15:26:27,578 DEBUG in func AnimateRobots - Dobot
2022-04-27 15:26:27,597 DEBUG in func AnimateRobots - Current transform is:
    0.0000      -0.0000       1.0000       0.0900   
   -0.0000      -1.0000      -0.0000      -0.0000   
    1.0000      -0.0000      -0.0000       1.1725   
    0.0000       0.0000       0.0000       1.0000   

2022-04-27 15:26:27,603 DEBUG in func AnimateRobots - Target transform is: 
    1.0000       0.0000       0.0000       0.2835   
    0.0000      -1.0000      -0.0000      -0.0000   
    0.0000       0.0000      -1.0000       0.8550   
    0.0000       0.0000       0.0000       1.0000   

2022-04-27 15:26:35,881 DEBUG in func AnimateRobots - Dobot
2022-04-27 15:26:35,906 DEBUG in func AnimateRobots - Current transform is:
    1.0000       0.0000      -0.0000       0.2835   
    0.0000      -1.0000      -0.0000      -0.0000   
   -0.0000       0.0000      -1.0000       0.8550   
    0.0000       0.0000       0.0000       1.0000   

2022-04-27 15:26:35,914 DEBUG in func AnimateRobots - Target transform is: 
   -0.9158      -0.4016      -0.0000       0.1058   
   -0.4016       0.9158       0.0001      -0.2413   
    0.0000       0.0001      -1.0000       0.7366   
    0.0000       0.0000       0.0000       1.0000   

2022-04-27 15:26:38,902 DEBUG in func AnimateRobots - Dobot
2022-04-27 15:26:38,912 DEBUG in func AnimateRobots - Current transform is:
   -0.9158      -0.4016      -0.0000       0.1058   
   -0.4016       0.9158       0.0001      -0.2413   
    0.0000       0.0001      -1.0000       0.7366   
    0.0000       0.0000       0.0000       1.0000   

2022-04-27 15:26:38,920 DEBUG in func AnimateRobots - Target transform is: 
    1.0000       0.0000       0.0000       0.2835   
    0.0000      -1.0000      -0.0000      -0.0000   
    0.0000       0.0000      -1.0000       0.8550   
    0.0000       0.0000       0.0000       1.0000   

2022-04-27 15:26:42,063 DEBUG in func AnimateRobots - Dobot
2022-04-27 15:26:42,068 DEBUG in func AnimateRobots - Current transform is:
    1.0000       0.0000       0.0000       0.2835   
    0.0000      -1.0000      -0.0000      -0.0000   
    0.0000       0.0000      -1.0000       0.8550   
    0.0000       0.0000       0.0000       1.0000   

2022-04-27 15:26:42,070 DEBUG in func AnimateRobots - Target transform is: 
   -0.9158       0.4016      -0.0000       0.1058   
    0.4016       0.9158      -0.0001       0.2413   
   -0.0000      -0.0001      -1.0000       0.7366   
    0.0000       0.0000       0.0000       1.0000   

2022-04-27 15:26:45,177 DEBUG in func AnimateRobots - Dobot
2022-04-27 15:26:45,181 DEBUG in func AnimateRobots - Current transform is:
   -0.9158       0.4016      -0.0000       0.1058   
    0.4016       0.9158      -0.0001       0.2413   
   -0.0000      -0.0001      -1.0000       0.7366   
    0.0000       0.0000       0.0000       1.0000   

2022-04-27 15:26:45,183 DEBUG in func AnimateRobots - Target transform is: 
    1.0000       0.0000       0.0000       0.2835   
    0.0000      -1.0000      -0.0000      -0.0000   
    0.0000       0.0000      -1.0000       0.8550   
    0.0000       0.0000       0.0000       1.0000   

